# JRE version: OpenJDK Runtime Environment Temurin-11.0.12+7 (11.0.12+7) (build 11.0.12+7)
# Java VM: OpenJDK 64-Bit Server VM Temurin-11.0.12+7 (11.0.12+7, mixed mode, tiered, compressed oops, g1 gc, linux-amd64)
Heap:
 garbage-first heap   total 367616K, used 250325K [0x00000000e0000000, 0x0000000100000000)
  region size 1024K, 28 young (28672K), 7 survivors (7168K)
 Metaspace       used 34004K, capacity 34472K, committed 34816K, reserved 1081344K
  class space    used 3336K, capacity 3512K, committed 3584K, reserved 1048576K
GC Heap History (20 events):
Event: 77366,483 GC heap before
{Heap before GC invocations=2950 (full 0):
 garbage-first heap   total 367616K, used 323634K [0x00000000e0000000, 0x0000000100000000)
  region size 1024K, 83 young (84992K), 6 survivors (6144K)
 Metaspace       used 34004K, capacity 34472K, committed 34816K, reserved 1081344K
  class space    used 3336K, capacity 3512K, committed 3584K, reserved 1048576K
}
Event: 77366,485 GC heap after
{Heap after GC invocations=2951 (full 0):
 garbage-first heap   total 367616K, used 245195K [0x00000000e0000000, 0x0000000100000000)
  region size 1024K, 7 young (7168K), 7 survivors (7168K)
 Metaspace       used 34004K, capacity 34472K, committed 34816K, reserved 1081344K
  class space    used 3336K, capacity 3512K, committed 3584K, reserved 1048576K
}
Event: 77366,525 GC heap before
{Heap before GC invocations=2951 (full 0):
 garbage-first heap   total 367616K, used 321995K [0x00000000e0000000, 0x0000000100000000)
  region size 1024K, 82 young (83968K), 7 survivors (7168K)
 Metaspace       used 34004K, capacity 34472K, committed 34816K, reserved 1081344K
  class space    used 3336K, capacity 3512K, committed 3584K, reserved 1048576K
}
Event: 77366,527 GC heap after
{Heap after GC invocations=2952 (full 0):
 garbage-first heap   total 367616K, used 245465K [0x00000000e0000000, 0x0000000100000000)
  region size 1024K, 6 young (6144K), 6 survivors (6144K)
 Metaspace       used 34004K, capacity 34472K, committed 34816K, reserved 1081344K
  class space    used 3336K, capacity 3512K, committed 3584K, reserved 1048576K
}
Event: 77367,981 GC heap before
{Heap before GC invocations=2952 (full 0):
 garbage-first heap   total 367616K, used 324313K [0x00000000e0000000, 0x0000000100000000)
  region size 1024K, 83 young (84992K), 6 survivors (6144K)
 Metaspace       used 34004K, capacity 34472K, committed 34816K, reserved 1081344K
  class space    used 3336K, capacity 3512K, committed 3584K, reserved 1048576K
}
Event: 77367,983 GC heap after
{Heap after GC invocations=2953 (full 0):
 garbage-first heap   total 367616K, used 245156K [0x00000000e0000000, 0x0000000100000000)
  region size 1024K, 6 young (6144K), 6 survivors (6144K)
 Metaspace       used 34004K, capacity 34472K, committed 34816K, reserved 1081344K
  class space    used 3336K, capacity 3512K, committed 3584K, reserved 1048576K
}
Event: 77368,032 GC heap before
{Heap before GC invocations=2953 (full 0):
 garbage-first heap   total 367616K, used 324004K [0x00000000e0000000, 0x0000000100000000)
  region size 1024K, 83 young (84992K), 6 survivors (6144K)
 Metaspace       used 34004K, capacity 34472K, committed 34816K, reserved 1081344K
  class space    used 3336K, capacity 3512K, committed 3584K, reserved 1048576K
}
Event: 77368,034 GC heap after
{Heap after GC invocations=2954 (full 0):
 garbage-first heap   total 367616K, used 246072K [0x00000000e0000000, 0x0000000100000000)
  region size 1024K, 7 young (7168K), 7 survivors (7168K)
 Metaspace       used 34004K, capacity 34472K, committed 34816K, reserved 1081344K
  class space    used 3336K, capacity 3512K, committed 3584K, reserved 1048576K
}
Event: 77371,050 GC heap before
{Heap before GC invocations=2954 (full 0):
 garbage-first heap   total 367616K, used 321848K [0x00000000e0000000, 0x0000000100000000)
  region size 1024K, 81 young (82944K), 7 survivors (7168K)
 Metaspace       used 34004K, capacity 34472K, committed 34816K, reserved 1081344K
  class space    used 3336K, capacity 3512K, committed 3584K, reserved 1048576K
}
Event: 77371,052 GC heap after
{Heap after GC invocations=2955 (full 0):
 garbage-first heap   total 367616K, used 246340K [0x00000000e0000000, 0x0000000100000000)
  region size 1024K, 6 young (6144K), 6 survivors (6144K)
 Metaspace       used 34004K, capacity 34472K, committed 34816K, reserved 1081344K
  class space    used 3336K, capacity 3512K, committed 3584K, reserved 1048576K
}
Event: 77371,113 GC heap before
{Heap before GC invocations=2955 (full 0):
 garbage-first heap   total 367616K, used 324164K [0x00000000e0000000, 0x0000000100000000)
  region size 1024K, 82 young (83968K), 6 survivors (6144K)
 Metaspace       used 34004K, capacity 34472K, committed 34816K, reserved 1081344K
  class space    used 3336K, capacity 3512K, committed 3584K, reserved 1048576K
}
Event: 77371,115 GC heap after
{Heap after GC invocations=2956 (full 0):
 garbage-first heap   total 367616K, used 246569K [0x00000000e0000000, 0x0000000100000000)
  region size 1024K, 6 young (6144K), 6 survivors (6144K)
 Metaspace       used 34004K, capacity 34472K, committed 34816K, reserved 1081344K
  class space    used 3336K, capacity 3512K, committed 3584K, reserved 1048576K
}
Event: 77371,162 GC heap before
{Heap before GC invocations=2956 (full 0):
 garbage-first heap   total 367616K, used 323369K [0x00000000e0000000, 0x0000000100000000)
  region size 1024K, 81 young (82944K), 6 survivors (6144K)
 Metaspace       used 34004K, capacity 34472K, committed 34816K, reserved 1081344K
  class space    used 3336K, capacity 3512K, committed 3584K, reserved 1048576K
}
Event: 77371,164 GC heap after
{Heap after GC invocations=2957 (full 0):
 garbage-first heap   total 367616K, used 247498K [0x00000000e0000000, 0x0000000100000000)
  region size 1024K, 6 young (6144K), 6 survivors (6144K)
 Metaspace       used 34004K, capacity 34472K, committed 34816K, reserved 1081344K
  class space    used 3336K, capacity 3512K, committed 3584K, reserved 1048576K
}
Event: 77372,398 GC heap before
{Heap before GC invocations=2957 (full 0):
 garbage-first heap   total 367616K, used 324298K [0x00000000e0000000, 0x0000000100000000)
  region size 1024K, 81 young (82944K), 6 survivors (6144K)
 Metaspace       used 34004K, capacity 34472K, committed 34816K, reserved 1081344K
  class space    used 3336K, capacity 3512K, committed 3584K, reserved 1048576K
}
Event: 77372,400 GC heap after
{Heap after GC invocations=2958 (full 0):
 garbage-first heap   total 367616K, used 247602K [0x00000000e0000000, 0x0000000100000000)
  region size 1024K, 6 young (6144K), 6 survivors (6144K)
 Metaspace       used 34004K, capacity 34472K, committed 34816K, reserved 1081344K
  class space    used 3336K, capacity 3512K, committed 3584K, reserved 1048576K
}
Event: 77372,463 GC heap before
{Heap before GC invocations=2958 (full 0):
 garbage-first heap   total 367616K, used 323378K [0x00000000e0000000, 0x0000000100000000)
  region size 1024K, 80 young (81920K), 6 survivors (6144K)
 Metaspace       used 34004K, capacity 34472K, committed 34816K, reserved 1081344K
  class space    used 3336K, capacity 3512K, committed 3584K, reserved 1048576K
}
Event: 77372,465 GC heap after
{Heap after GC invocations=2959 (full 0):
 garbage-first heap   total 367616K, used 248184K [0x00000000e0000000, 0x0000000100000000)
  region size 1024K, 6 young (6144K), 6 survivors (6144K)
 Metaspace       used 34004K, capacity 34472K, committed 34816K, reserved 1081344K
  class space    used 3336K, capacity 3512K, committed 3584K, reserved 1048576K
}
Event: 77372,515 GC heap before
{Heap before GC invocations=2959 (full 0):
 garbage-first heap   total 367616K, used 323960K [0x00000000e0000000, 0x0000000100000000)
  region size 1024K, 80 young (81920K), 6 survivors (6144K)
 Metaspace       used 34004K, capacity 34472K, committed 34816K, reserved 1081344K
  class space    used 3336K, capacity 3512K, committed 3584K, reserved 1048576K
}
Event: 77372,517 GC heap after
{Heap after GC invocations=2960 (full 0):
 garbage-first heap   total 367616K, used 249301K [0x00000000e0000000, 0x0000000100000000)
  region size 1024K, 7 young (7168K), 7 survivors (7168K)
 Metaspace       used 34004K, capacity 34472K, committed 34816K, reserved 1081344K
  class space    used 3336K, capacity 3512K, committed 3584K, reserved 1048576K
}

